================================================================
======== txAdmin v8.0.1 atop fxserver 18214 Starting - 8/7/2025, 11:26:18 PM
================================================================
[23:26:52][TextRead] created admins file
[23:30:17][TextRead] Config changes: general.serverName
[23:30:17][TextRead] Changing global settings via setup stepper and started Deployer.
[23:31:05][TextRead] Setting recipe.
[23:36:28][TextRead] Running recipe.
[23:42:19][TextRead] Config changes: server.dataPath
[23:42:19][TextRead] Completed and committed server deploy.
[23:58:22][TextRead] [TextRead] executed "RESTART SERVER"
[00:06:17][TextRead] [TextRead] executed "RESTART SERVER"
================================================================
======== txAdmin v8.0.1 atop fxserver 18214 Starting - 8/8/2025, 12:42:10 AM
================================================================
[00:42:22][TextRead] logged in from 127.0.0.1 via cfxre
[00:48:21][TextRead] Adding user 'Text'.
[00:48:40][TextRead] Adding user 'Genzo'.
[00:49:14][TextRead] Adding user 'Scully'.
[00:49:29][TextRead] Adding user 'Risk'.
[00:49:58][TextRead] Deleting user 'Risk'.
[00:50:15][TextRead] Adding user 'Sky'.
[00:50:33][TextRead] Adding user 'Risk'.
[00:59:37][Text] Changing own password.
[01:00:16][Text] Config changes: whitelist.mode
[01:04:24][Genzo] Sending announcement: yall ngas cant dress fr fytb!!!
[01:14:00][TextRead] [TextRead] executed "RESTART SERVER"
[02:32:23][TextRead] Adding user 'Jolie'.
[02:41:02][TextRead] [TextRead] executed "RESTART SERVER"
[03:03:49][TextRead] [TextRead] executed "RESTART SERVER"
[03:24:41][TextRead] [TextRead] executed "RESTART SERVER"
[03:29:40][TextRead] [TextRead] executed "RESTART SERVER"
[03:32:14][TextRead] [TextRead] executed "RESTART SERVER"
================================================================
======== txAdmin v8.0.1 atop fxserver 18214 Starting - 8/8/2025, 1:44:32 PM
================================================================
[13:44:50][TextRead] logged in from 127.0.0.1 via cfxre
[14:39:43][TextRead] [TextRead] executed "RESTART SERVER"
[15:35:29][TextRead] [TextRead] executed "RESTART SERVER"
[15:41:48][TextRead] Adding user 'XAV'.
[15:42:02][TextRead] Adding user 'Meech'.
[16:30:09][TextRead] [TextRead] executed "RESTART SERVER"
[16:37:53][TextRead] [TextRead] executed "RESTART SERVER"
[16:41:47][TextRead] [TextRead] executed "RESTART SERVER"
[16:49:24][TextRead] [TextRead] executed "RESTART SERVER"
[16:52:17][TextRead] [TextRead] executed "RESTART SERVER"
[16:52:21][TextRead] Kicking all players: for unknown reason
[16:53:28][TextRead] Adding user 'cashe'.
[16:57:29][TextRead] Kicking all players: for unknown reason
[16:57:32][TextRead] [TextRead] executed "RESTART SERVER"
[17:04:16][TextRead] [TextRead] executed "RESTART SERVER"
[17:06:39][TextRead] Kicking all players: for unknown reason
[17:07:58][TextRead] [TextRead] executed "RESTART SERVER"
[17:25:50][Text] Config changes: whitelist.mode
[17:26:49][TextRead] [TextRead] executed "RESTART SERVER"
[17:26:58][TextRead] Deleting user 'Risk'.
[17:27:07][TextRead] Adding user 'Risk'.
[17:33:28][TextRead] Sending announcement: TOORISKY K!!!!
[17:41:00][Risk] Changing own password.
[17:56:01][Risk] Warned player "Joliethegreat": stay safe
[18:11:39][Risk] Adding user 'ayoque'.
[18:11:53][Risk] Deleting user 'cashe'.
[18:22:59][ayoque] Sending announcement: STOP THE HORES PLAY
[18:24:12][ayoque] Sending announcement: LEAVE JEWELRY NOW OR HOLD A 10 DAY
