================================================================
======== Log Rotated - 8/8/2025, 12:00:00 AM                    
================================================================
[12:06:26 AM] txAdmin: Logger started
[12:06:56 AM] [HUtfW#1] marvi: joined with identifiers [license:ba22…209f, xbl:2535…3066, live:9851…9305, discord:4664…6161, license2:684e…ca7f]
[12:07:14 AM] [HUtfW#1] marvi: disconnected (Exiting)
[12:07:41 AM] [HUtfW#2] marvi: joined with identifiers [license:ba22…209f, xbl:2535…3066, live:9851…9305, discord:4664…6161, license2:684e…ca7f]
[12:08:10 AM] [HUtfW#2] marvi: disconnected (Exiting)
================================================================
======== txAdmin v8.0.1 atop fxserver 18214 Starting - 8/8/2025, 12:42:10 AM
================================================================
[12:42:29 AM] txAdmin: Logger started
[12:44:41 AM] [yBU3M#1] marvi: joined with identifiers [license:ba22…209f, xbl:2535…3066, live:9851…9305, discord:4664…6161, license2:684e…ca7f]
[12:44:51 AM] [yBU3M#2] gєηzơ 体: joined with identifiers [license:9dc9…145c, xbl:2535…3651, live:9851…3360, discord:6198…0523, fivem:8769454, license2:9c15…b731]
[12:50:43 AM] [yBU3M#1] marvi: disconnected (Exiting)
[12:50:51 AM] [yBU3M#2] gєηzơ 体: disconnected (Exiting)
[12:51:12 AM] [yBU3M#3] marvi: joined with identifiers [license:ba22…209f, xbl:2535…3066, live:9851…9305, discord:4664…6161, license2:684e…ca7f]
[12:51:42 AM] [yBU3M#4] gєηzơ 体: joined with identifiers [license:9dc9…145c, xbl:2535…3651, live:9851…3360, discord:6198…0523, fivem:8769454, license2:9c15…b731]
[12:51:57 AM] [yBU3M#3] marvi: enabled noclip
[12:52:12 AM] [yBU3M#3] marvi: became mortal (standard mode)
[12:52:26 AM] [yBU3M#5] scully savage: joined with identifiers [license:80a3…3c97, xbl:2535…3572, live:9851…9975, discord:1163…5441, fivem:15758221, license2:80a3…3c97]
[12:52:27 AM] [yBU3M#3] marvi: summoned player [#4] gєηzơ 体
[12:53:01 AM] [yBU3M#3] marvi: summoned player [#4] gєηzơ 体
[12:54:14 AM] [yBU3M#4] gєηzơ 体: spawned a vehicle (model: toros)
[12:56:28 AM] [yBU3M#3] marvi: said "/give WEAPON_HEAVYSNIPER_MK2"
[12:57:23 AM] [yBU3M#3] marvi: said "/give HEAVYSNIPER_MK2"
[12:57:45 AM] [yBU3M#3] marvi: triggered drunk effect on [#4] gєηzơ 体
[12:57:57 AM] [yBU3M#3] marvi: set [#4] gєηzơ 体 on fire
[12:57:59 AM] [yBU3M#3] marvi: set [#4] gєηzơ 体 on fire
[12:58:03 AM] [yBU3M#4] gєηzơ 体: died from suicide (Fire)
[12:58:16 AM] [yBU3M#4] gєηzơ 体: healed themself
[12:58:19 AM] [yBU3M#3] marvi: triggered wild attack on [#4] gєηzơ 体
[12:58:37 AM] [yBU3M#3] marvi: summoned player [#5] scully savage
[12:58:49 AM] [yBU3M#3] marvi: summoned player [#5] scully savage
[1:01:02 AM] [yBU3M#3] marvi: set [#5] scully savage on fire
[1:01:20 AM] [yBU3M#3] marvi: triggered wild attack on [#4] gєηzơ 体
[1:01:43 AM] [yBU3M#3] marvi: triggered wild attack on [#4] gєηzơ 体
[1:02:02 AM] [yBU3M#3] marvi: triggered wild attack on [#4] gєηzơ 体
[1:02:02 AM] [yBU3M#3] marvi: triggered wild attack on [#4] gєηzơ 体
[1:02:03 AM] [yBU3M#3] marvi: triggered wild attack on [#4] gєηzơ 体
[1:02:06 AM] [yBU3M#4] gєηzơ 体: died from suicide (Animal)
[1:02:15 AM] [yBU3M#4] gєηzơ 体: healed themself
[1:02:25 AM] [yBU3M#3] marvi: triggered wild attack on [#5] scully savage
[1:02:33 AM] [yBU3M#3] marvi: triggered wild attack on [#5] scully savage
[1:02:43 AM] [yBU3M#3] marvi: triggered wild attack on [#5] scully savage
[1:02:49 AM] [yBU3M#5] scully savage: died from suicide (Animal)
[1:02:52 AM] [yBU3M#3] marvi: summoned player [#5] scully savage
[1:03:01 AM] [yBU3M#3] marvi: healed player [#5] scully savage
[1:03:04 AM] [yBU3M#3] marvi: triggered drunk effect on [#5] scully savage
[1:03:48 AM] [yBU3M#5] scully savage: triggered wild attack on [#3] marvi
[1:04:00 AM] [yBU3M#5] scully savage: triggered drunk effect on [#3] marvi
[1:04:21 AM] [yBU3M#3] marvi: enabled noclip
[1:04:25 AM] [yBU3M#3] marvi: became mortal (standard mode)
[1:04:25 AM] [yBU3M#4] gєηzơ 体: made a server-wide announcement: yall ngas cant dress fr fytb!!!
[1:04:25 AM] txAdmin: ((Broadcast) Genzo): said "yall ngas cant dress fr fytb!!!"
[1:04:29 AM] [yBU3M#3] marvi: enabled noclip
[1:04:34 AM] [yBU3M#3] marvi: became mortal (standard mode)
[1:04:43 AM] [yBU3M#5] scully savage: said "/carry"
[1:04:44 AM] [yBU3M#3] marvi: enabled noclip
[1:04:45 AM] [yBU3M#3] marvi: became mortal (standard mode)
[1:04:45 AM] [yBU3M#3] marvi: enabled noclip
[1:04:46 AM] [yBU3M#3] marvi: became mortal (standard mode)
[1:04:46 AM] [yBU3M#3] marvi: enabled noclip
[1:04:46 AM] [yBU3M#3] marvi: became mortal (standard mode)
[1:04:46 AM] [yBU3M#3] marvi: enabled noclip
[1:04:47 AM] [yBU3M#3] marvi: became mortal (standard mode)
[1:04:52 AM] [yBU3M#3] marvi: turned show player IDs on
[1:04:56 AM] [yBU3M#3] marvi: enabled noclip
[1:05:06 AM] [yBU3M#4] gєηzơ 体: turned show player IDs on
[1:05:07 AM] [yBU3M#5] scully savage: turned show player IDs on
[1:05:09 AM] [yBU3M#4] gєηzơ 体: turned show player IDs off
[1:05:13 AM] [yBU3M#3] marvi: became mortal (standard mode)
[1:05:16 AM] [yBU3M#3] marvi: enabled noclip
[1:05:19 AM] [yBU3M#4] gєηzơ 体: turned show player IDs on
[1:05:24 AM] [yBU3M#5] scully savage: enabled super jump
[1:05:25 AM] [yBU3M#3] marvi: healed themself
[1:05:26 AM] [yBU3M#5] scully savage: became mortal (standard mode)
[1:05:30 AM] [yBU3M#5] scully savage: enabled super jump
[1:05:40 AM] [yBU3M#4] gєηzơ 体: died from suicide (Fist)
[1:05:41 AM] [yBU3M#3] marvi: healed themself
[1:05:43 AM] [yBU3M#4] gєηzơ 体: healed themself
[1:05:43 AM] [yBU3M#3] marvi: became mortal (standard mode)
[1:05:46 AM] [yBU3M#3] marvi: enabled noclip
[1:05:50 AM] [yBU3M#3] marvi: set [#5] scully savage on fire
[1:05:55 AM] [yBU3M#5] scully savage: died from suicide
[1:06:02 AM] [yBU3M#5] scully savage: healed themself
[1:06:11 AM] [yBU3M#4] gєηzơ 体: died from suicide (Animal)
[1:06:27 AM] [yBU3M#3] marvi: cleared an area with 300m radius
[1:06:29 AM] [yBU3M#4] gєηzơ 体: healed themself
[1:06:38 AM] [yBU3M#3] marvi: became mortal (standard mode)
[1:06:43 AM] [yBU3M#5] scully savage: healed themself
[1:07:15 AM] [yBU3M#5] scully savage: teleported to a waypoint
[1:07:16 AM] [yBU3M#5] scully savage: teleported to a waypoint
[1:07:17 AM] [yBU3M#5] scully savage: teleported to a waypoint
[1:07:25 AM] [yBU3M#3] marvi: spawned a vehicle (model: buzzard2)
[1:07:29 AM] [yBU3M#5] scully savage: died from suicide
[1:07:35 AM] [yBU3M#5] scully savage: healed themself
[1:08:03 AM] [yBU3M#3] marvi: enabled noclip
[1:08:03 AM] [yBU3M#3] marvi: died from suicide
[1:08:05 AM] [yBU3M#4] gєηzơ 体: died from suicide
[1:08:06 AM] [yBU3M#5] scully savage: died from suicide
[1:08:06 AM] [yBU3M#4] gєηzơ 体: caused an explosion (PLANE)
[1:08:07 AM] [yBU3M#5] scully savage: healed themself
[1:08:09 AM] [yBU3M#3] marvi: became mortal (standard mode)
[1:08:09 AM] [yBU3M#5] scully savage: healed themself
[1:08:12 AM] [yBU3M#4] gєηzơ 体: healed themself
[1:08:14 AM] [yBU3M#3] marvi: healed themself
[1:08:17 AM] [yBU3M#3] marvi: disconnected (Exiting)
[1:08:29 AM] [yBU3M#5] scully savage: teleported to coordinates (x=-725.012, y=-1083.163, z=11.488)
[1:09:00 AM] [yBU3M#4] gєηzơ 体: enabled god mode
[1:10:56 AM] [yBU3M#5] scully savage: healed themself
[1:11:59 AM] [yBU3M#5] scully savage: triggered drunk effect on [#4] gєηzơ 体
[1:12:13 AM] [yBU3M#5] scully savage: started spectating player [#4] gєηzơ 体
[1:13:40 AM] [yBU3M#4] gєηzơ 体: enabled super jump
[1:13:51 AM] [yBU3M#5] scully savage: died from suicide
[1:13:59 AM] [yBU3M#5] scully savage: healed themself
[1:14:09 AM] txAdmin: Logger started
[1:15:20 AM] [hWW9g#1] marvi: joined with identifiers [license:ba22…209f, xbl:2535…3066, live:9851…9305, discord:4664…6161, license2:684e…ca7f]
[1:17:05 AM] [hWW9g#2] gєηzơ 体: joined with identifiers [license:9dc9…145c, xbl:2535…3651, live:9851…3360, discord:6198…0523, fivem:8769454, license2:9c15…b731]
[1:17:51 AM] [hWW9g#1] marvi: enabled noclip
[1:17:57 AM] [hWW9g#1] marvi: became mortal (standard mode)
[1:18:33 AM] [hWW9g#2] gєηzơ 体: enabled super jump
[1:18:35 AM] [hWW9g#1] marvi: enabled noclip
[1:18:53 AM] [hWW9g#1] marvi: became mortal (standard mode)
[1:20:06 AM] [hWW9g#1] marvi: enabled noclip
[1:20:18 AM] [hWW9g#1] marvi: became mortal (standard mode)
[1:21:02 AM] [hWW9g#1] marvi: spawned a vehicle (model: adder)
[1:21:07 AM] [hWW9g#1] marvi: boosted their vehicle
[1:24:08 AM] [hWW9g#2] gєηzơ 体: died from suicide (Falling)
[1:24:18 AM] [hWW9g#2] gєηzơ 体: healed themself
[1:24:56 AM] [hWW9g#1] marvi: disconnected (Exiting)
[1:25:43 AM] [hWW9g#2] gєηzơ 体: disconnected (Server->client connection timed out. Last seen 115 msec ago.)
[2:41:11 AM] txAdmin: Logger started
[2:44:11 AM] [fr8t4#1] Joliethegreat: joined with identifiers [license:809a…56c2, live:9147…4890, discord:8919…8964, fivem:11797170, license2:809a…56c2]
[2:47:51 AM] [fr8t4#1] Joliethegreat: enabled noclip
[2:48:01 AM] [fr8t4#1] Joliethegreat: became mortal (standard mode)
[2:57:36 AM] [fr8t4#1] Joliethegreat: said "/e danceslow2"
[3:00:14 AM] [fr8t4#1] Joliethegreat: enabled noclip
[3:00:37 AM] [fr8t4#1] Joliethegreat: became mortal (standard mode)
[3:00:58 AM] [fr8t4#1] Joliethegreat: disconnected (Exiting)
[3:03:57 AM] txAdmin: Logger started
[3:04:27 AM] [pgbBB#1] marvi: joined with identifiers [license:ba22…209f, xbl:2535…3066, live:9851…9305, discord:4664…6161, license2:684e…ca7f]
[3:08:31 AM] [pgbBB#1] marvi: said "/get 1 weapon_glock17"
[3:08:49 AM] [pgbBB#1] marvi: said "/calladmin"
[3:08:54 AM] [pgbBB#1] marvi: said "/calladmin help"
[3:09:29 AM] [pgbBB#1] marvi: said "/do "
[3:10:08 AM] [pgbBB#1] marvi: said "/give 1 weapon_glock17"
[3:10:31 AM] [pgbBB#1] marvi: said "/spawn 1 weapon_glock17"
[3:13:41 AM] [pgbBB#1] marvi: disconnected (Exiting)
[3:24:50 AM] txAdmin: Logger started
[3:25:20 AM] [HbEz7#1] marvi: joined with identifiers [license:ba22…209f, xbl:2535…3066, live:9851…9305, discord:4664…6161, license2:684e…ca7f]
[3:26:06 AM] [HbEz7#1] marvi: said "/giveweapon weapon_glock17"
[3:26:17 AM] [HbEz7#1] marvi: said "/giveweapon weapon_glock17"
[3:26:58 AM] [HbEz7#1] marvi: said "/giveweapon weapon_pistol"
[3:27:02 AM] [HbEz7#1] marvi: said "/PB"
[3:27:11 AM] [HbEz7#1] marvi: said "/getitem weapon_pistol"
[3:29:27 AM] [HbEz7#1] marvi: said "/giveweapon weapon_pistol"
[3:29:31 AM] [HbEz7#1] marvi: said "/giveweapon weapon_glock17"
[3:29:49 AM] txAdmin: Logger started
[3:32:24 AM] txAdmin: Logger started
[3:32:52 AM] [JmtAV#1] marvi: joined with identifiers [license:ba22…209f, xbl:2535…3066, live:9851…9305, discord:4664…6161, license2:684e…ca7f]
[3:38:23 AM] [JmtAV#1] marvi: disconnected (Exiting)
================================================================
======== txAdmin v8.0.1 atop fxserver 18214 Starting - 8/8/2025, 1:44:32 PM
================================================================
[1:44:53 PM] txAdmin: Logger started
[1:45:36 PM] [HjPQx#1] -Kiyoshi-: joined with identifiers [license:ba22…209f, xbl:2535…3066, live:9851…9305, discord:4664…6161, license2:684e…ca7f]
[1:48:42 PM] [HjPQx#1] -Kiyoshi-: enabled noclip
[1:49:30 PM] [HjPQx#1] -Kiyoshi-: disconnected (Exiting)
[2:39:52 PM] txAdmin: Logger started
[2:40:22 PM] [t87Pk#1] -Kiyoshi-: joined with identifiers [license:ba22…209f, xbl:2535…3066, live:9851…9305, discord:4664…6161, license2:684e…ca7f]
[2:43:14 PM] [t87Pk#1] -Kiyoshi-: disconnected (Exiting)
[2:56:00 PM] [t87Pk#2] scully savage: joined with identifiers [license:80a3…3c97, xbl:2535…3572, live:9851…9975, discord:1163…5441, fivem:15758221, license2:80a3…3c97]
[3:00:27 PM] [t87Pk#2] scully savage: disconnected (Exiting)
[3:00:53 PM] [t87Pk#3] scully savage: joined with identifiers [license:80a3…3c97, xbl:2535…3572, live:9851…9975, discord:1163…5441, fivem:15758221, license2:80a3…3c97]
[3:03:54 PM] [t87Pk#3] scully savage: disconnected (Server->client connection timed out. Last seen 31571 msec ago.)
[3:35:38 PM] txAdmin: Logger started
[3:36:33 PM] [LQTpx#1] -Kiyoshi-: joined with identifiers [license:ba22…209f, xbl:2535…3066, live:9851…9305, discord:4664…6161, license2:684e…ca7f]
[3:42:40 PM] [LQTpx#1] -Kiyoshi-: disconnected (Exiting)
[4:27:42 PM] [LQTpx#2] scully savage: joined with identifiers [license:80a3…3c97, xbl:2535…3572, live:9851…9975, discord:1163…5441, fivem:15758221, license2:80a3…3c97]
[4:29:35 PM] [LQTpx#2] scully savage: enabled super jump
[4:30:18 PM] txAdmin: Logger started
[4:30:48 PM] [mBRXg#1] -Kiyoshi-: joined with identifiers [license:ba22…209f, xbl:2535…3066, live:9851…9305, discord:4664…6161, license2:684e…ca7f]
[4:32:34 PM] [mBRXg#1] -Kiyoshi-: healed themself
[4:37:38 PM] [mBRXg#1] -Kiyoshi-: healed themself
[4:37:38 PM] [mBRXg#1] -Kiyoshi-: healed themself
[4:37:39 PM] [mBRXg#1] -Kiyoshi-: healed themself
[4:37:39 PM] [mBRXg#1] -Kiyoshi-: healed themself
[4:37:39 PM] [mBRXg#1] -Kiyoshi-: healed themself
[4:37:39 PM] [mBRXg#1] -Kiyoshi-: healed themself
[4:37:39 PM] [mBRXg#1] -Kiyoshi-: healed themself
[4:38:02 PM] txAdmin: Logger started
[4:38:34 PM] [6Vjxg#1] -Kiyoshi-: joined with identifiers [license:ba22…209f, xbl:2535…3066, live:9851…9305, discord:4664…6161, license2:684e…ca7f]
[4:41:40 PM] [6Vjxg#1] -Kiyoshi-: disconnected (Exiting)
[4:41:56 PM] txAdmin: Logger started
[4:42:25 PM] [dUdhk#1] -Kiyoshi-: joined with identifiers [license:ba22…209f, xbl:2535…3066, live:9851…9305, discord:4664…6161, license2:684e…ca7f]
[4:46:36 PM] [dUdhk#1] -Kiyoshi-: disconnected (Exiting)
[4:49:32 PM] txAdmin: Logger started
[4:50:03 PM] [qUJ9P#1] -Kiyoshi-: joined with identifiers [license:ba22…209f, xbl:2535…3066, live:9851…9305, discord:4664…6161, license2:684e…ca7f]
[4:52:25 PM] txAdmin: Logger started
[4:53:00 PM] [gTXLF#1] -Kiyoshi-: joined with identifiers [license:ba22…209f, xbl:2535…3066, live:9851…9305, discord:4664…6161, license2:684e…ca7f]
[4:57:29 PM] [gTXLF#1] -Kiyoshi-: disconnected ([txAdmin] All players kicked: for unknown reason.)
[4:57:41 PM] txAdmin: Logger started
[5:04:24 PM] txAdmin: Logger started
[5:04:54 PM] [FNQRX#1] -Kiyoshi-: joined with identifiers [license:ba22…209f, xbl:2535…3066, live:9851…9305, discord:4664…6161, license2:684e…ca7f]
[5:06:39 PM] [FNQRX#1] -Kiyoshi-: disconnected ([txAdmin] All players kicked: for unknown reason.)
[5:08:06 PM] txAdmin: Logger started
[5:08:36 PM] [6t37t#1] -Kiyoshi-: joined with identifiers [license:ba22…209f, xbl:2535…3066, live:9851…9305, discord:4664…6161, license2:684e…ca7f]
[5:11:43 PM] [6t37t#1] -Kiyoshi-: said "/PB"
[5:13:30 PM] [6t37t#1] -Kiyoshi-: boosted their vehicle
[5:14:12 PM] [6t37t#1] -Kiyoshi-: died from suicide (Falling)
[5:14:15 PM] [6t37t#1] -Kiyoshi-: healed themself
[5:14:17 PM] [6t37t#1] -Kiyoshi-: enabled noclip
[5:14:23 PM] [6t37t#1] -Kiyoshi-: became mortal (standard mode)
[5:14:43 PM] [6t37t#1] -Kiyoshi-: healed themself
[5:14:45 PM] [6t37t#1] -Kiyoshi-: enabled noclip
[5:26:40 PM] [6t37t#1] -Kiyoshi-: disconnected (Exiting)
[5:27:15 PM] txAdmin: Logger started
[5:29:29 PM] [aNYWe#1] TooRisky365: joined with identifiers [license:31e8…a0ca, xbl:2535…4647, live:8444…6785, discord:1266…0010, fivem:16848257, license2:8a27…a27c]
[5:33:29 PM] txAdmin: ((Broadcast) TextRead): said "TOORISKY K!!!!"
[5:43:57 PM] [aNYWe#1] TooRisky365: turned show player IDs on
[5:44:00 PM] [aNYWe#1] TooRisky365: turned show player IDs off
[5:44:37 PM] [aNYWe#1] TooRisky365: spawned a vehicle (model: caddy)
[5:44:44 PM] [aNYWe#1] TooRisky365: boosted their vehicle
[5:44:53 PM] [aNYWe#1] TooRisky365: repaired their vehicle
[5:45:08 PM] [aNYWe#1] TooRisky365: repaired their vehicle
[5:45:20 PM] [aNYWe#1] TooRisky365: boosted their vehicle
[5:46:00 PM] [aNYWe#1] TooRisky365: repaired their vehicle
[5:47:54 PM] [aNYWe#1] TooRisky365: teleported to a waypoint
[5:55:17 PM] [aNYWe#2] Joliethegreat: joined with identifiers [license:809a…56c2, live:9147…4890, discord:8919…8964, fivem:11797170, license2:809a…56c2]
[5:55:35 PM] [aNYWe#1] TooRisky365: triggered drunk effect on [#2] Joliethegreat
[5:55:48 PM] [aNYWe#1] TooRisky365: triggered drunk effect on [#2] Joliethegreat
[5:56:18 PM] [aNYWe#1] TooRisky365: triggered drunk effect on [#2] Joliethegreat
[5:56:23 PM] [aNYWe#1] TooRisky365: set [#2] Joliethegreat on fire
[5:56:24 PM] [aNYWe#1] TooRisky365: triggered wild attack on [#2] Joliethegreat
[5:56:28 PM] [aNYWe#1] TooRisky365: teleported to player [#2] Joliethegreat (x=-779.011, y=326.229, z=195.975)
[5:56:28 PM] [aNYWe#2] Joliethegreat: died from suicide
[5:56:43 PM] [aNYWe#1] TooRisky365: teleported to player [#2] Joliethegreat (x=-1.503, y=19.240, z=71.101)
[5:56:51 PM] [aNYWe#3] AyoQue: joined with identifiers [license:07a8…55cb, xbl:2535…6467, live:9851…3632, discord:1023…6305, fivem:4756495, license2:b5f3…72e0]
[5:57:06 PM] [aNYWe#1] TooRisky365: healed player [#2] Joliethegreat
[5:57:45 PM] [aNYWe#1] TooRisky365: triggered drunk effect on [#3] AyoQue
[5:57:47 PM] [aNYWe#1] TooRisky365: triggered wild attack on [#3] AyoQue
[5:57:50 PM] [aNYWe#1] TooRisky365: teleported to player [#3] AyoQue (x=-779.024, y=326.176, z=196.076)
[5:58:50 PM] [aNYWe#1] TooRisky365: teleported to player [#2] Joliethegreat (x=-1286.796, y=-440.743, z=6.196)
[5:58:58 PM] [aNYWe#1] TooRisky365: said "/e hipsterdance"
[5:58:58 PM] [aNYWe#1] TooRisky365: said "/e jog4"
[5:58:58 PM] [aNYWe#1] TooRisky365: said "/e cop"
[5:58:58 PM] [aNYWe#1] TooRisky365: said "/emotecancel"
[5:59:11 PM] [aNYWe#1] TooRisky365: summoned player [#2] Joliethegreat
[5:59:30 PM] [aNYWe#1] TooRisky365: summoned player [#2] Joliethegreat
[6:00:22 PM] [aNYWe#2] Joliethegreat: said "/txx"
[6:00:32 PM] [aNYWe#1] TooRisky365: summoned player [#2] Joliethegreat
[6:00:36 PM] [aNYWe#2] Joliethegreat: enabled noclip
[6:00:41 PM] [aNYWe#1] TooRisky365: teleported to a waypoint
[6:00:55 PM] [aNYWe#1] TooRisky365: summoned player [#2] Joliethegreat
[6:00:58 PM] [aNYWe#2] Joliethegreat: became mortal (standard mode)
[6:01:06 PM] [aNYWe#1] TooRisky365: enabled noclip
[6:01:18 PM] [aNYWe#1] TooRisky365: became mortal (standard mode)
[6:01:50 PM] [aNYWe#1] TooRisky365: summoned player [#3] AyoQue
[6:01:58 PM] [aNYWe#2] Joliethegreat: disconnected (Server->client connection timed out. Last seen 43610 msec ago.)
[6:02:10 PM] [aNYWe#1] TooRisky365: enabled noclip
[6:02:15 PM] [aNYWe#1] TooRisky365: became mortal (standard mode)
[6:02:40 PM] [aNYWe#1] TooRisky365: disconnected (Exiting)
[6:03:14 PM] [aNYWe#4] Joliethegreat: joined with identifiers [license:809a…56c2, live:9147…4890, discord:8919…8964, fivem:11797170, license2:809a…56c2]
[6:03:35 PM] [aNYWe#5] TooRisky365: joined with identifiers [license:31e8…a0ca, xbl:2535…4647, live:8444…6785, discord:1266…0010, fivem:16848257, license2:8a27…a27c]
[6:04:52 PM] [aNYWe#4] Joliethegreat: disconnected (Server->client connection timed out. Last seen 53131 msec ago.)
[6:07:24 PM] [aNYWe#6] Joliethegreat: joined with identifiers [license:809a…56c2, live:9147…4890, discord:8919…8964, fivem:11797170, license2:809a…56c2]
[6:07:42 PM] [aNYWe#5] TooRisky365: teleported to player [#3] AyoQue (x=-639.943, y=-236.703, z=37.924)
[6:08:01 PM] [aNYWe#5] TooRisky365: summoned player [#6] Joliethegreat
[6:08:16 PM] [aNYWe#5] TooRisky365: triggered drunk effect on [#6] Joliethegreat
[6:09:05 PM] [aNYWe#5] TooRisky365: said "weapon"
[6:09:39 PM] [aNYWe#5] TooRisky365: triggered wild attack on [#6] Joliethegreat
[6:09:39 PM] [aNYWe#5] TooRisky365: triggered drunk effect on [#6] Joliethegreat
[6:10:34 PM] [aNYWe#6] Joliethegreat: died from suicide (Fist)
[6:11:28 PM] [aNYWe#6] Joliethegreat: healed themself
[6:11:28 PM] [aNYWe#6] Joliethegreat: turned show player IDs on
[6:11:28 PM] [aNYWe#6] Joliethegreat: enabled god mode
[6:11:28 PM] [aNYWe#6] Joliethegreat: enabled noclip
[6:11:28 PM] [aNYWe#6] Joliethegreat: became mortal (standard mode)
[6:11:38 PM] [aNYWe#7] scully savage: joined with identifiers [license:80a3…3c97, xbl:2535…3572, live:9851…9975, discord:1163…5441, fivem:15758221, license2:80a3…3c97]
[6:12:26 PM] [aNYWe#5] TooRisky365: summoned player [#7] scully savage
[6:12:41 PM] [aNYWe#5] TooRisky365: triggered drunk effect on [#6] Joliethegreat
[6:12:41 PM] [aNYWe#7] scully savage: enabled super jump
[6:12:43 PM] [aNYWe#7] scully savage: enabled god mode
[6:12:44 PM] [aNYWe#5] TooRisky365: triggered wild attack on [#6] Joliethegreat
[6:12:53 PM] [aNYWe#7] scully savage: became mortal (standard mode)
[6:12:56 PM] [aNYWe#7] scully savage: enabled god mode
[6:13:01 PM] [aNYWe#7] scully savage: enabled super jump
[6:13:15 PM] [aNYWe#6] Joliethegreat: said "/e carry"
[6:13:15 PM] [aNYWe#6] Joliethegreat: said "/carry"
[6:13:28 PM] [aNYWe#7] scully savage: set [#6] Joliethegreat on fire
[6:13:36 PM] [aNYWe#5] TooRisky365: triggered wild attack on [#6] Joliethegreat
[6:13:38 PM] [aNYWe#7] scully savage: triggered drunk effect on [#3] AyoQue
[6:13:40 PM] [aNYWe#7] scully savage: triggered wild attack on [#3] AyoQue
[6:13:52 PM] [aNYWe#3] AyoQue: died from suicide
[6:14:08 PM] [aNYWe#3] AyoQue: healed themself
[6:14:17 PM] [aNYWe#5] TooRisky365: healed player [#6] Joliethegreat
[6:14:22 PM] [aNYWe#7] scully savage: healed all players!
[6:14:22 PM] [aNYWe#5] TooRisky365: healed player [#5] TooRisky365
[6:14:24 PM] [aNYWe#5] TooRisky365: died from suicide (Animal)
[6:14:34 PM] [aNYWe#5] TooRisky365: set [#7] scully savage on fire
[6:14:36 PM] [aNYWe#5] TooRisky365: healed player [#7] scully savage
[6:14:40 PM] [aNYWe#5] TooRisky365: set [#7] scully savage on fire
[6:14:40 PM] [aNYWe#7] scully savage: healed all players!
[6:14:42 PM] [aNYWe#5] TooRisky365: triggered wild attack on [#7] scully savage
[6:14:43 PM] [aNYWe#3] AyoQue: healed all players!
[6:14:43 PM] [aNYWe#5] TooRisky365: triggered drunk effect on [#7] scully savage
[6:14:43 PM] [aNYWe#5] TooRisky365: set [#7] scully savage on fire
[6:14:44 PM] [aNYWe#5] TooRisky365: triggered wild attack on [#7] scully savage
[6:14:44 PM] [aNYWe#5] TooRisky365: set [#7] scully savage on fire
[6:14:44 PM] [aNYWe#7] scully savage: healed all players!
[6:14:44 PM] [aNYWe#5] TooRisky365: triggered drunk effect on [#7] scully savage
[6:14:45 PM] [aNYWe#5] TooRisky365: set [#7] scully savage on fire
[6:14:45 PM] [aNYWe#5] TooRisky365: triggered wild attack on [#7] scully savage
[6:14:47 PM] [aNYWe#7] scully savage: healed all players!
[6:14:49 PM] [aNYWe#7] scully savage: healed all players!
[6:14:50 PM] [aNYWe#5] TooRisky365: healed player [#5] TooRisky365
[6:14:52 PM] [aNYWe#7] scully savage: healed all players!
[6:14:58 PM] [aNYWe#7] scully savage: died from suicide (Fire)
[6:14:59 PM] [aNYWe#7] scully savage: healed all players!
[6:15:00 PM] [aNYWe#6] Joliethegreat: disconnected (Server->client connection timed out. Last seen 48794 msec ago.)
[6:15:03 PM] [aNYWe#7] scully savage: healed all players!
[6:15:12 PM] [aNYWe#5] TooRisky365: triggered wild attack on [#7] scully savage
[6:15:15 PM] [aNYWe#5] TooRisky365: triggered wild attack on [#7] scully savage
[6:15:15 PM] [aNYWe#5] TooRisky365: triggered wild attack on [#7] scully savage
[6:15:18 PM] [aNYWe#8] Joliethegreat: joined with identifiers [license:809a…56c2, live:9147…4890, discord:8919…8964, fivem:11797170, license2:809a…56c2]
[6:15:19 PM] [aNYWe#5] TooRisky365: triggered drunk effect on [#7] scully savage
[6:15:24 PM] [aNYWe#7] scully savage: healed all players!
[6:15:36 PM] [aNYWe#5] TooRisky365: triggered wild attack on [#7] scully savage
[6:15:36 PM] [aNYWe#5] TooRisky365: triggered wild attack on [#7] scully savage
[6:15:37 PM] [aNYWe#5] TooRisky365: triggered wild attack on [#7] scully savage
[6:15:37 PM] [aNYWe#5] TooRisky365: triggered wild attack on [#7] scully savage
[6:15:37 PM] [aNYWe#5] TooRisky365: triggered wild attack on [#7] scully savage
[6:15:37 PM] [aNYWe#7] scully savage: healed all players!
[6:15:37 PM] [aNYWe#5] TooRisky365: triggered wild attack on [#7] scully savage
[6:15:37 PM] [aNYWe#5] TooRisky365: triggered wild attack on [#7] scully savage
[6:15:37 PM] [aNYWe#5] TooRisky365: triggered wild attack on [#7] scully savage
[6:15:38 PM] [aNYWe#5] TooRisky365: triggered drunk effect on [#7] scully savage
[6:15:39 PM] [aNYWe#7] scully savage: died from suicide (Animal)
[6:15:39 PM] [aNYWe#7] scully savage: healed all players!
[6:15:47 PM] [aNYWe#7] scully savage: healed all players!
[6:16:03 PM] [aNYWe#5] TooRisky365: summoned player [#7] scully savage
[6:16:23 PM] [aNYWe#5] TooRisky365: set [#7] scully savage on fire
[6:16:25 PM] [aNYWe#7] scully savage: died from suicide (Fire)
[6:16:26 PM] [aNYWe#7] scully savage: became mortal (standard mode)
[6:16:30 PM] [aNYWe#7] scully savage: healed all players!
[6:16:37 PM] [aNYWe#5] TooRisky365: set [#7] scully savage on fire
[6:16:40 PM] [aNYWe#7] scully savage: healed all players!
[6:16:46 PM] [aNYWe#7] scully savage: died from suicide (Fire)
[6:16:46 PM] [aNYWe#5] TooRisky365: set [#7] scully savage on fire
[6:16:46 PM] [aNYWe#7] scully savage: healed all players!
[6:16:47 PM] [aNYWe#5] TooRisky365: triggered drunk effect on [#7] scully savage
[6:16:47 PM] [aNYWe#5] TooRisky365: triggered wild attack on [#7] scully savage
[6:16:47 PM] [aNYWe#8] Joliethegreat: disconnected (Server->client connection timed out. Last seen 43693 msec ago.)
[6:16:48 PM] [aNYWe#5] TooRisky365: set [#7] scully savage on fire
[6:16:49 PM] [aNYWe#5] TooRisky365: set [#7] scully savage on fire
[6:16:49 PM] [aNYWe#7] scully savage: healed all players!
[6:16:49 PM] [aNYWe#5] TooRisky365: set [#7] scully savage on fire
[6:16:50 PM] [aNYWe#5] TooRisky365: set [#7] scully savage on fire
[6:16:50 PM] [aNYWe#5] TooRisky365: set [#7] scully savage on fire
[6:16:51 PM] [aNYWe#5] TooRisky365: set [#7] scully savage on fire
[6:16:51 PM] [aNYWe#5] TooRisky365: set [#7] scully savage on fire
[6:16:51 PM] [aNYWe#5] TooRisky365: set [#7] scully savage on fire
[6:16:51 PM] [aNYWe#5] TooRisky365: set [#7] scully savage on fire
[6:16:51 PM] [aNYWe#5] TooRisky365: set [#7] scully savage on fire
[6:16:52 PM] [aNYWe#5] TooRisky365: set [#7] scully savage on fire
[6:16:52 PM] [aNYWe#5] TooRisky365: set [#7] scully savage on fire
[6:16:52 PM] [aNYWe#5] TooRisky365: set [#7] scully savage on fire
[6:16:52 PM] [aNYWe#5] TooRisky365: set [#7] scully savage on fire
[6:16:52 PM] [aNYWe#5] TooRisky365: set [#7] scully savage on fire
[6:16:52 PM] [aNYWe#5] TooRisky365: set [#7] scully savage on fire
[6:16:52 PM] [aNYWe#5] TooRisky365: died from Fist by scully savage
[6:16:53 PM] [aNYWe#5] TooRisky365: set [#7] scully savage on fire
[6:16:53 PM] [aNYWe#5] TooRisky365: set [#7] scully savage on fire
[6:16:53 PM] [aNYWe#5] TooRisky365: set [#7] scully savage on fire
[6:16:53 PM] [aNYWe#5] TooRisky365: set [#7] scully savage on fire
[6:16:53 PM] [aNYWe#5] TooRisky365: set [#7] scully savage on fire
[6:16:53 PM] [aNYWe#5] TooRisky365: set [#7] scully savage on fire
[6:16:54 PM] [aNYWe#5] TooRisky365: set [#7] scully savage on fire
[6:16:54 PM] [aNYWe#5] TooRisky365: set [#7] scully savage on fire
[6:16:54 PM] [aNYWe#5] TooRisky365: set [#7] scully savage on fire
[6:16:54 PM] [aNYWe#5] TooRisky365: set [#7] scully savage on fire
[6:16:54 PM] [aNYWe#5] TooRisky365: set [#7] scully savage on fire
[6:16:55 PM] [aNYWe#5] TooRisky365: set [#7] scully savage on fire
[6:16:55 PM] [aNYWe#5] TooRisky365: set [#7] scully savage on fire
[6:16:55 PM] [aNYWe#7] scully savage: died from suicide (Fire)
[6:16:55 PM] [aNYWe#5] TooRisky365: set [#7] scully savage on fire
[6:16:55 PM] [aNYWe#5] TooRisky365: set [#7] scully savage on fire
[6:16:55 PM] [aNYWe#7] scully savage: healed all players!
[6:16:55 PM] [aNYWe#5] TooRisky365: set [#7] scully savage on fire
[6:16:55 PM] [aNYWe#5] TooRisky365: set [#7] scully savage on fire
[6:16:56 PM] [aNYWe#5] TooRisky365: set [#7] scully savage on fire
[6:16:56 PM] [aNYWe#5] TooRisky365: set [#7] scully savage on fire
[6:16:56 PM] [aNYWe#5] TooRisky365: set [#7] scully savage on fire
[6:16:56 PM] [aNYWe#5] TooRisky365: set [#7] scully savage on fire
[6:16:56 PM] [aNYWe#5] TooRisky365: set [#7] scully savage on fire
[6:16:56 PM] [aNYWe#5] TooRisky365: set [#7] scully savage on fire
[6:16:57 PM] [aNYWe#5] TooRisky365: set [#7] scully savage on fire
[6:16:57 PM] [aNYWe#5] TooRisky365: set [#7] scully savage on fire
[6:16:57 PM] [aNYWe#5] TooRisky365: set [#7] scully savage on fire
[6:16:57 PM] [aNYWe#5] TooRisky365: set [#7] scully savage on fire
[6:16:57 PM] [aNYWe#5] TooRisky365: set [#7] scully savage on fire
[6:16:57 PM] [aNYWe#5] TooRisky365: set [#7] scully savage on fire
[6:16:58 PM] [aNYWe#3] AyoQue: enabled god mode
[6:16:58 PM] [aNYWe#5] TooRisky365: set [#7] scully savage on fire
[6:16:58 PM] [aNYWe#5] TooRisky365: set [#7] scully savage on fire
[6:16:58 PM] [aNYWe#5] TooRisky365: set [#7] scully savage on fire
[6:16:58 PM] [aNYWe#5] TooRisky365: set [#7] scully savage on fire
[6:16:58 PM] [aNYWe#5] TooRisky365: set [#7] scully savage on fire
[6:16:58 PM] [aNYWe#5] TooRisky365: set [#7] scully savage on fire
[6:16:59 PM] [aNYWe#5] TooRisky365: set [#7] scully savage on fire
[6:16:59 PM] [aNYWe#5] TooRisky365: set [#7] scully savage on fire
[6:16:59 PM] [aNYWe#5] TooRisky365: set [#7] scully savage on fire
[6:16:59 PM] [aNYWe#5] TooRisky365: set [#7] scully savage on fire
[6:16:59 PM] [aNYWe#5] TooRisky365: set [#7] scully savage on fire
[6:16:59 PM] [aNYWe#5] TooRisky365: set [#7] scully savage on fire
[6:17:00 PM] [aNYWe#5] TooRisky365: set [#7] scully savage on fire
[6:17:00 PM] [aNYWe#5] TooRisky365: set [#7] scully savage on fire
[6:17:00 PM] [aNYWe#5] TooRisky365: set [#7] scully savage on fire
[6:17:00 PM] [aNYWe#5] TooRisky365: set [#7] scully savage on fire
[6:17:00 PM] [aNYWe#7] scully savage: died from suicide (Fire)
[6:17:01 PM] [aNYWe#7] scully savage: healed all players!
[6:17:03 PM] [aNYWe#5] TooRisky365: healed player [#5] TooRisky365
[6:17:18 PM] [aNYWe#5] TooRisky365: triggered wild attack on [#7] scully savage
[6:17:18 PM] [aNYWe#5] TooRisky365: triggered wild attack on [#7] scully savage
[6:17:18 PM] [aNYWe#5] TooRisky365: triggered wild attack on [#7] scully savage
[6:17:18 PM] [aNYWe#5] TooRisky365: triggered wild attack on [#7] scully savage
[6:17:19 PM] [aNYWe#5] TooRisky365: triggered wild attack on [#7] scully savage
[6:17:19 PM] [aNYWe#5] TooRisky365: triggered wild attack on [#7] scully savage
[6:17:19 PM] [aNYWe#5] TooRisky365: triggered wild attack on [#7] scully savage
[6:17:19 PM] [aNYWe#5] TooRisky365: triggered wild attack on [#7] scully savage
[6:17:19 PM] [aNYWe#5] TooRisky365: triggered wild attack on [#7] scully savage
[6:17:19 PM] [aNYWe#7] scully savage: set [#3] AyoQue on fire
[6:17:25 PM] [aNYWe#3] AyoQue: died from suicide (Fire)
[6:17:26 PM] [aNYWe#7] scully savage: toggled freeze on player [#3] AyoQue
[6:17:28 PM] [aNYWe#7] scully savage: triggered wild attack on [#3] AyoQue
[6:17:35 PM] [aNYWe#3] AyoQue: enabled super jump
[6:17:37 PM] [aNYWe#3] AyoQue: became mortal (standard mode)
[6:17:38 PM] [aNYWe#5] TooRisky365: enabled noclip
[6:17:39 PM] [aNYWe#3] AyoQue: enabled god mode
[6:17:42 PM] [aNYWe#3] AyoQue: died from suicide
[6:17:42 PM] [aNYWe#9] Joliethegreat: joined with identifiers [license:809a…56c2, live:9147…4890, discord:8919…8964, fivem:11797170, license2:809a…56c2]
[6:17:44 PM] [aNYWe#3] AyoQue: healed themself
[6:17:53 PM] [aNYWe#5] TooRisky365: triggered wild attack on [#7] scully savage
[6:17:53 PM] [aNYWe#5] TooRisky365: triggered wild attack on [#7] scully savage
[6:17:54 PM] [aNYWe#5] TooRisky365: triggered wild attack on [#7] scully savage
[6:17:54 PM] [aNYWe#5] TooRisky365: triggered wild attack on [#7] scully savage
[6:17:54 PM] [aNYWe#5] TooRisky365: triggered wild attack on [#7] scully savage
[6:17:54 PM] [aNYWe#5] TooRisky365: triggered wild attack on [#7] scully savage
[6:17:54 PM] [aNYWe#5] TooRisky365: triggered wild attack on [#7] scully savage
[6:17:54 PM] [aNYWe#5] TooRisky365: triggered wild attack on [#7] scully savage
[6:17:55 PM] [aNYWe#5] TooRisky365: triggered wild attack on [#7] scully savage
[6:17:55 PM] [aNYWe#5] TooRisky365: triggered wild attack on [#7] scully savage
[6:18:17 PM] [aNYWe#7] scully savage: died from suicide (Fist)
[6:18:23 PM] [aNYWe#5] TooRisky365: triggered wild attack on [#7] scully savage
[6:18:23 PM] [aNYWe#5] TooRisky365: triggered wild attack on [#7] scully savage
[6:18:24 PM] [aNYWe#5] TooRisky365: triggered wild attack on [#7] scully savage
[6:18:24 PM] [aNYWe#5] TooRisky365: triggered wild attack on [#7] scully savage
[6:18:25 PM] [aNYWe#5] TooRisky365: triggered wild attack on [#7] scully savage
[6:18:26 PM] [aNYWe#5] TooRisky365: triggered drunk effect on [#7] scully savage
[6:18:33 PM] [aNYWe#7] scully savage: died from suicide
[6:18:35 PM] [aNYWe#5] TooRisky365: healed player [#7] scully savage
[6:18:35 PM] [aNYWe#7] scully savage: healed themself
[6:18:36 PM] [aNYWe#5] TooRisky365: triggered wild attack on [#7] scully savage
[6:18:36 PM] [aNYWe#5] TooRisky365: triggered wild attack on [#7] scully savage
[6:18:36 PM] [aNYWe#5] TooRisky365: triggered wild attack on [#7] scully savage
[6:18:36 PM] [aNYWe#5] TooRisky365: triggered wild attack on [#7] scully savage
[6:18:37 PM] [aNYWe#5] TooRisky365: triggered wild attack on [#7] scully savage
[6:18:41 PM] [aNYWe#3] AyoQue: died from suicide (Animal)
[6:18:43 PM] [aNYWe#7] scully savage: triggered wild attack on [#9] Joliethegreat
[6:18:43 PM] [aNYWe#7] scully savage: triggered wild attack on [#9] Joliethegreat
[6:18:44 PM] [aNYWe#7] scully savage: triggered wild attack on [#9] Joliethegreat
[6:18:44 PM] [aNYWe#3] AyoQue: said "/tc"
[6:18:45 PM] [aNYWe#7] scully savage: triggered wild attack on [#9] Joliethegreat
[6:18:45 PM] [aNYWe#7] scully savage: set [#9] Joliethegreat on fire
[6:18:46 PM] [aNYWe#7] scully savage: triggered drunk effect on [#9] Joliethegreat
[6:18:47 PM] [aNYWe#7] scully savage: triggered wild attack on [#9] Joliethegreat
[6:18:48 PM] [aNYWe#7] scully savage: set [#9] Joliethegreat on fire
[6:18:48 PM] [aNYWe#7] scully savage: triggered drunk effect on [#9] Joliethegreat
[6:18:51 PM] [aNYWe#9] Joliethegreat: died from suicide
[6:19:03 PM] [aNYWe#3] AyoQue: healed all players!
[6:19:05 PM] [aNYWe#5] TooRisky365: healed player [#3] AyoQue
[6:19:07 PM] [aNYWe#3] AyoQue: turned show player IDs on
[6:19:07 PM] [aNYWe#3] AyoQue: turned show player IDs off
[6:19:17 PM] [aNYWe#3] AyoQue: set [#7] scully savage on fire
[6:19:17 PM] [aNYWe#7] scully savage: died from Fire by AyoQue
[6:19:20 PM] [aNYWe#7] scully savage: healed themself
[6:19:27 PM] [aNYWe#3] AyoQue: set [#5] TooRisky365 on fire
[6:19:32 PM] [aNYWe#5] TooRisky365: died from suicide
[6:19:34 PM] [aNYWe#7] scully savage: set [#5] TooRisky365 on fire
[6:19:35 PM] [aNYWe#7] scully savage: triggered wild attack on [#5] TooRisky365
[6:19:36 PM] [aNYWe#7] scully savage: triggered wild attack on [#5] TooRisky365
[6:19:36 PM] [aNYWe#7] scully savage: triggered wild attack on [#5] TooRisky365
[6:19:39 PM] [aNYWe#7] scully savage: triggered drunk effect on [#5] TooRisky365
[6:19:41 PM] [aNYWe#9] Joliethegreat: disconnected (Server->client connection timed out. Last seen 47353 msec ago.)
[6:19:44 PM] [aNYWe#7] scully savage: set [#5] TooRisky365 on fire
[6:19:45 PM] [aNYWe#7] scully savage: triggered wild attack on [#5] TooRisky365
[6:19:46 PM] [aNYWe#7] scully savage: triggered wild attack on [#5] TooRisky365
[6:19:46 PM] [aNYWe#7] scully savage: triggered wild attack on [#5] TooRisky365
[6:19:48 PM] [aNYWe#5] TooRisky365: healed player [#5] TooRisky365
[6:19:53 PM] [aNYWe#5] TooRisky365: triggered drunk effect on [#3] AyoQue
[6:19:55 PM] [aNYWe#5] TooRisky365: triggered wild attack on [#3] AyoQue
[6:19:55 PM] [aNYWe#5] TooRisky365: triggered wild attack on [#3] AyoQue
[6:19:55 PM] [aNYWe#5] TooRisky365: triggered wild attack on [#3] AyoQue
[6:19:55 PM] [aNYWe#5] TooRisky365: triggered wild attack on [#3] AyoQue
[6:20:18 PM] [aNYWe#5] TooRisky365: triggered wild attack on [#7] scully savage
[6:20:18 PM] [aNYWe#5] TooRisky365: triggered wild attack on [#7] scully savage
[6:20:18 PM] [aNYWe#5] TooRisky365: triggered wild attack on [#7] scully savage
[6:20:19 PM] [aNYWe#5] TooRisky365: triggered wild attack on [#7] scully savage
[6:20:22 PM] [aNYWe#5] TooRisky365: triggered wild attack on [#3] AyoQue
[6:20:22 PM] [aNYWe#5] TooRisky365: triggered wild attack on [#3] AyoQue
[6:20:22 PM] [aNYWe#5] TooRisky365: triggered wild attack on [#3] AyoQue
[6:20:22 PM] [aNYWe#5] TooRisky365: triggered drunk effect on [#3] AyoQue
[6:20:23 PM] [aNYWe#3] AyoQue: died from suicide (Animal)
[6:20:25 PM] [aNYWe#3] AyoQue: healed themself
[6:20:33 PM] [aNYWe#5] TooRisky365: healed player [#3] AyoQue
[6:20:34 PM] [aNYWe#10] Joliethegreat: joined with identifiers [license:809a…56c2, live:9147…4890, discord:8919…8964, fivem:11797170, license2:809a…56c2]
[6:20:43 PM] [aNYWe#7] scully savage: died from suicide (Animal)
[6:20:57 PM] [aNYWe#3] AyoQue: teleported to player [#7] scully savage (x=-670.602, y=-229.662, z=36.997)
[6:20:58 PM] [aNYWe#7] scully savage: enabled god mode
[6:21:03 PM] [aNYWe#3] AyoQue: healed themself
[6:21:04 PM] [aNYWe#3] AyoQue: healed all players!
[6:21:22 PM] [aNYWe#7] scully savage: teleported to player [#5] TooRisky365 (x=-686.743, y=-228.158, z=43.198)
[6:21:39 PM] [aNYWe#5] TooRisky365: became mortal (standard mode)
[6:22:01 PM] [aNYWe#7] scully savage: became mortal (standard mode)
[6:22:08 PM] [aNYWe#10] Joliethegreat: enabled god mode
[6:22:24 PM] [aNYWe#7] scully savage: teleported to player [#5] TooRisky365 (x=-656.453, y=-225.086, z=37.722)
[6:22:24 PM] [aNYWe#10] Joliethegreat: turned show player IDs on
[6:22:30 PM] [aNYWe#5] TooRisky365: set [#7] scully savage on fire
[6:22:30 PM] [aNYWe#5] TooRisky365: set [#7] scully savage on fire
[6:22:30 PM] [aNYWe#5] TooRisky365: set [#7] scully savage on fire
[6:22:30 PM] [aNYWe#5] TooRisky365: set [#7] scully savage on fire
[6:22:31 PM] [aNYWe#5] TooRisky365: set [#7] scully savage on fire
[6:22:31 PM] [aNYWe#5] TooRisky365: died from Fist by scully savage
[6:22:31 PM] [aNYWe#5] TooRisky365: set [#7] scully savage on fire
[6:22:31 PM] [aNYWe#5] TooRisky365: set [#7] scully savage on fire
[6:22:31 PM] [aNYWe#5] TooRisky365: set [#7] scully savage on fire
[6:22:31 PM] [aNYWe#5] TooRisky365: set [#7] scully savage on fire
[6:22:31 PM] [aNYWe#5] TooRisky365: set [#7] scully savage on fire
[6:22:32 PM] [aNYWe#5] TooRisky365: set [#7] scully savage on fire
[6:22:32 PM] [aNYWe#7] scully savage: died from suicide (Fire)
[6:22:32 PM] [aNYWe#5] TooRisky365: set [#7] scully savage on fire
[6:22:32 PM] [aNYWe#5] TooRisky365: set [#7] scully savage on fire
[6:22:32 PM] [aNYWe#5] TooRisky365: set [#7] scully savage on fire
[6:22:32 PM] [aNYWe#5] TooRisky365: set [#7] scully savage on fire
[6:22:32 PM] [aNYWe#5] TooRisky365: set [#7] scully savage on fire
[6:22:32 PM] [aNYWe#5] TooRisky365: set [#7] scully savage on fire
[6:22:33 PM] [aNYWe#5] TooRisky365: set [#7] scully savage on fire
[6:22:33 PM] [aNYWe#5] TooRisky365: set [#7] scully savage on fire
[6:22:33 PM] [aNYWe#5] TooRisky365: set [#7] scully savage on fire
[6:22:33 PM] [aNYWe#5] TooRisky365: set [#7] scully savage on fire
[6:22:33 PM] [aNYWe#5] TooRisky365: set [#7] scully savage on fire
[6:22:34 PM] [aNYWe#5] TooRisky365: set [#7] scully savage on fire
[6:22:34 PM] [aNYWe#5] TooRisky365: set [#7] scully savage on fire
[6:22:34 PM] [aNYWe#5] TooRisky365: set [#7] scully savage on fire
[6:22:34 PM] [aNYWe#5] TooRisky365: set [#7] scully savage on fire
[6:22:34 PM] [aNYWe#5] TooRisky365: set [#7] scully savage on fire
[6:22:34 PM] [aNYWe#5] TooRisky365: set [#7] scully savage on fire
[6:22:35 PM] [aNYWe#5] TooRisky365: set [#7] scully savage on fire
[6:22:35 PM] [aNYWe#5] TooRisky365: triggered drunk effect on [#7] scully savage
[6:22:37 PM] [aNYWe#5] TooRisky365: died from Fire by scully savage
[6:22:38 PM] [aNYWe#7] scully savage: died from suicide
[6:22:39 PM] [aNYWe#7] scully savage: enabled god mode
[6:22:43 PM] [aNYWe#7] scully savage: healed themself
[6:22:44 PM] [aNYWe#5] TooRisky365: healed player [#5] TooRisky365
[6:22:50 PM] [aNYWe#7] scully savage: set [#3] AyoQue on fire
[6:22:53 PM] [aNYWe#3] AyoQue: died from suicide (Fire)
[6:22:53 PM] [aNYWe#7] scully savage: set [#5] TooRisky365 on fire
[6:22:54 PM] [aNYWe#7] scully savage: triggered wild attack on [#5] TooRisky365
[6:22:54 PM] [aNYWe#7] scully savage: triggered wild attack on [#5] TooRisky365
[6:22:55 PM] [aNYWe#7] scully savage: triggered drunk effect on [#5] TooRisky365
[6:22:59 PM] [aNYWe#3] AyoQue: made a server-wide announcement: STOP THE HORES PLAY
[6:22:59 PM] txAdmin: ((Broadcast) ayoque): said "STOP THE HORES PLAY"
[6:22:59 PM] [aNYWe#5] TooRisky365: died from suicide (Fire)
[6:23:00 PM] [aNYWe#5] TooRisky365: healed player [#5] TooRisky365
[6:23:00 PM] [aNYWe#5] TooRisky365: healed player [#5] TooRisky365
[6:23:00 PM] [aNYWe#5] TooRisky365: healed player [#5] TooRisky365
[6:23:00 PM] [aNYWe#5] TooRisky365: healed player [#5] TooRisky365
[6:23:01 PM] [aNYWe#5] TooRisky365: healed player [#5] TooRisky365
[6:23:01 PM] [aNYWe#5] TooRisky365: healed player [#5] TooRisky365
[6:23:01 PM] [aNYWe#5] TooRisky365: healed player [#5] TooRisky365
[6:23:02 PM] [aNYWe#5] TooRisky365: healed player [#5] TooRisky365
[6:23:02 PM] [aNYWe#5] TooRisky365: healed player [#5] TooRisky365
[6:23:05 PM] [aNYWe#7] scully savage: died from Fist by Joliethegreat
[6:23:24 PM] [aNYWe#5] TooRisky365: enabled noclip
[6:23:43 PM] [aNYWe#7] scully savage: healed themself
[6:23:48 PM] [aNYWe#7] scully savage: became mortal (standard mode)
[6:23:52 PM] [aNYWe#7] scully savage: enabled super jump
[6:23:58 PM] [aNYWe#7] scully savage: set [#10] Joliethegreat on fire
[6:24:00 PM] [aNYWe#10] Joliethegreat: died from suicide (Fire)
[6:24:01 PM] [aNYWe#7] scully savage: triggered drunk effect on [#10] Joliethegreat
[6:24:04 PM] [aNYWe#7] scully savage: triggered drunk effect on [#3] AyoQue
[6:24:06 PM] [aNYWe#7] scully savage: triggered drunk effect on [#5] TooRisky365
[6:24:07 PM] [aNYWe#5] TooRisky365: became mortal (standard mode)
[6:24:13 PM] [aNYWe#3] AyoQue: made a server-wide announcement: LEAVE JEWELRY NOW OR HOLD A 10 DAY
[6:24:13 PM] txAdmin: ((Broadcast) ayoque): said "LEAVE JEWELRY NOW OR HOLD A 10 DAY"
[6:24:18 PM] [aNYWe#5] TooRisky365: healed player [#5] TooRisky365
[6:24:18 PM] [aNYWe#5] TooRisky365: healed player [#5] TooRisky365
[6:24:18 PM] [aNYWe#5] TooRisky365: healed player [#5] TooRisky365
[6:24:18 PM] [aNYWe#5] TooRisky365: healed player [#5] TooRisky365
[6:24:24 PM] [aNYWe#5] TooRisky365: summoned player [#7] scully savage
[6:24:31 PM] [aNYWe#3] AyoQue: healed all players!
[6:24:47 PM] [aNYWe#3] AyoQue: teleported to player [#10] Joliethegreat (x=-681.046, y=-239.262, z=36.660)
[6:24:48 PM] [aNYWe#10] Joliethegreat: healed player [#10] Joliethegreat
[6:24:57 PM] [aNYWe#5] TooRisky365: summoned player [#3] AyoQue
[6:25:03 PM] [aNYWe#5] TooRisky365: died from Fist by scully savage
[6:25:05 PM] [aNYWe#5] TooRisky365: summoned player [#10] Joliethegreat
[6:25:14 PM] [aNYWe#5] TooRisky365: healed player [#5] TooRisky365
[6:25:15 PM] [aNYWe#3] AyoQue: died from Fist by scully savage
[6:25:16 PM] [aNYWe#5] TooRisky365: healed player [#3] AyoQue
[6:25:19 PM] [aNYWe#5] TooRisky365: healed player [#7] scully savage
[6:25:20 PM] [aNYWe#5] TooRisky365: healed player [#3] AyoQue
[6:25:21 PM] [aNYWe#10] Joliethegreat: died from Fist by scully savage
[6:25:22 PM] [aNYWe#10] Joliethegreat: set [#5] TooRisky365 on fire
[6:25:24 PM] [aNYWe#5] TooRisky365: healed player [#10] Joliethegreat
[6:25:27 PM] [aNYWe#5] TooRisky365: healed player [#5] TooRisky365
[6:25:33 PM] [aNYWe#5] TooRisky365: died from suicide (Fire)
[6:25:33 PM] [aNYWe#5] TooRisky365: set [#7] scully savage on fire
[6:25:33 PM] [aNYWe#5] TooRisky365: set [#7] scully savage on fire
[6:25:33 PM] [aNYWe#5] TooRisky365: set [#7] scully savage on fire
[6:25:34 PM] [aNYWe#5] TooRisky365: set [#7] scully savage on fire
[6:25:34 PM] [aNYWe#5] TooRisky365: set [#7] scully savage on fire
[6:25:34 PM] [aNYWe#5] TooRisky365: set [#7] scully savage on fire
[6:25:34 PM] [aNYWe#5] TooRisky365: set [#7] scully savage on fire
[6:25:34 PM] [aNYWe#5] TooRisky365: set [#7] scully savage on fire
[6:25:36 PM] [aNYWe#5] TooRisky365: healed player [#5] TooRisky365
[6:25:36 PM] [aNYWe#10] Joliethegreat: set [#7] scully savage on fire
[6:25:39 PM] [aNYWe#7] scully savage: died from suicide (Fire)
[6:25:40 PM] [aNYWe#10] Joliethegreat: set [#7] scully savage on fire
[6:25:42 PM] [aNYWe#7] scully savage: healed themself
[6:25:43 PM] [aNYWe#10] Joliethegreat: set [#7] scully savage on fire
[6:25:44 PM] [aNYWe#7] scully savage: healed themself
[6:25:46 PM] [aNYWe#10] Joliethegreat: set [#7] scully savage on fire
[6:25:46 PM] [aNYWe#5] TooRisky365: healed player [#5] TooRisky365
[6:25:47 PM] [aNYWe#7] scully savage: healed themself
[6:25:48 PM] [aNYWe#10] Joliethegreat: triggered wild attack on [#7] scully savage
[6:25:50 PM] [aNYWe#10] Joliethegreat: triggered wild attack on [#7] scully savage
[6:25:52 PM] [aNYWe#10] Joliethegreat: set [#7] scully savage on fire
[6:25:53 PM] [aNYWe#7] scully savage: died from suicide (Fire)
[6:25:55 PM] [aNYWe#7] scully savage: healed themself
[6:25:57 PM] [aNYWe#7] scully savage: healed themself
[6:25:58 PM] [aNYWe#5] TooRisky365: enabled noclip
[6:26:04 PM] [aNYWe#3] AyoQue: died from suicide
[6:26:12 PM] [aNYWe#3] AyoQue: healed themself
[6:26:15 PM] [aNYWe#10] Joliethegreat: enabled noclip
[6:26:21 PM] [aNYWe#5] TooRisky365: became mortal (standard mode)
[6:26:30 PM] [aNYWe#5] TooRisky365: summoned player [#7] scully savage
[6:26:31 PM] [aNYWe#3] AyoQue: enabled super jump
[6:26:35 PM] [aNYWe#7] scully savage: died from suicide (Falling)
[6:26:35 PM] [aNYWe#10] Joliethegreat: became mortal (standard mode)
[6:26:37 PM] [aNYWe#7] scully savage: healed themself
[6:26:44 PM] [aNYWe#7] scully savage: teleported to player [#5] TooRisky365 (x=-168.949, y=-1002.171, z=296.198)
[6:26:51 PM] [aNYWe#10] Joliethegreat: died from suicide (Falling)
[6:26:55 PM] [aNYWe#5] TooRisky365: summoned player [#10] Joliethegreat
[6:26:56 PM] [aNYWe#7] scully savage: healed themself
[6:27:03 PM] [aNYWe#7] scully savage: healed themself
[6:27:03 PM] [aNYWe#10] Joliethegreat: died from suicide
[6:27:03 PM] [aNYWe#7] scully savage: died from suicide
[6:27:04 PM] [aNYWe#7] scully savage: healed themself
[6:27:06 PM] [aNYWe#5] TooRisky365: summoned player [#3] AyoQue
[6:27:06 PM] [aNYWe#3] AyoQue: teleported to player [#5] TooRisky365 (x=-170.202, y=-1002.000, z=296.198)
[6:27:08 PM] [aNYWe#7] scully savage: healed themself
[6:27:16 PM] [aNYWe#3] AyoQue: died from suicide (Falling)
[6:27:16 PM] [aNYWe#7] scully savage: teleported to player [#5] TooRisky365 (x=-169.160, y=-1002.541, z=296.198)
[6:27:19 PM] [aNYWe#3] AyoQue: healed themself
[6:27:21 PM] [aNYWe#10] Joliethegreat: healed player [#10] Joliethegreat
[6:27:23 PM] [aNYWe#5] TooRisky365: died from Fist by scully savage
[6:27:26 PM] [aNYWe#5] TooRisky365: enabled noclip
[6:27:48 PM] [aNYWe#10] Joliethegreat: died from suicide (Falling)
[6:27:51 PM] [aNYWe#3] AyoQue: teleported to player [#7] scully savage (x=-169.174, y=-1002.316, z=296.198)
[6:27:52 PM] [aNYWe#5] TooRisky365: became mortal (standard mode)
[6:27:57 PM] [aNYWe#10] Joliethegreat: healed player [#10] Joliethegreat
[6:27:59 PM] [aNYWe#5] TooRisky365: healed player [#5] TooRisky365
[6:28:02 PM] [aNYWe#5] TooRisky365: summoned player [#3] AyoQue
[6:28:05 PM] [aNYWe#10] Joliethegreat: enabled noclip
[6:28:06 PM] [aNYWe#3] AyoQue: said "/CARRY"
[6:28:09 PM] [aNYWe#5] TooRisky365: summoned player [#7] scully savage
[6:28:12 PM] [aNYWe#3] AyoQue: said "/CARRY"
[6:28:17 PM] [aNYWe#5] TooRisky365: summoned player [#10] Joliethegreat
[6:28:19 PM] [aNYWe#3] AyoQue: said "/CARRY"
[6:28:25 PM] [aNYWe#3] AyoQue: teleported to player [#5] TooRisky365 (x=-1596.791, y=-1067.552, z=29.179)
[6:28:26 PM] [aNYWe#10] Joliethegreat: became mortal (standard mode)
[6:28:56 PM] [aNYWe#5] TooRisky365: enabled noclip
[6:29:35 PM] [aNYWe#5] TooRisky365: summoned player [#3] AyoQue
